[debug] [2023-08-20T21:18:57.177Z] ----------------------------------------------------------------------
[debug] [2023-08-20T21:18:57.179Z] Command:       C:\Program Files\nodejs\node.exe C:\Users\saeed\AppData\Roaming\npm\node_modules\firebase-tools\lib\bin\firebase.js init
[debug] [2023-08-20T21:18:57.179Z] CLI Version:   12.4.8
[debug] [2023-08-20T21:18:57.179Z] Platform:      win32
[debug] [2023-08-20T21:18:57.179Z] Node Version:  v18.16.0
[debug] [2023-08-20T21:18:57.180Z] Time:          Mon Aug 21 2023 00:18:57 GMT+0300 (Arabian Standard Time)
[debug] [2023-08-20T21:18:57.180Z] ----------------------------------------------------------------------
[debug] 
[debug] [2023-08-20T21:18:57.184Z] > command requires scopes: ["email","openid","https://www.googleapis.com/auth/cloudplatformprojects.readonly","https://www.googleapis.com/auth/firebase","https://www.googleapis.com/auth/cloud-platform"]
[debug] [2023-08-20T21:18:57.185Z] > authorizing via signed-in user (sandeed70@gmail.com)
[info] 
     ######## #### ########  ######## ########     ###     ######  ########
     ##        ##  ##     ## ##       ##     ##  ##   ##  ##       ##
     ######    ##  ########  ######   ########  #########  ######  ######
     ##        ##  ##    ##  ##       ##     ## ##     ##       ## ##
     ##       #### ##     ## ######## ########  ##     ##  ######  ########

You're about to initialize a Firebase project in this directory:

  D:\Downloads\main-prj-01-starting-setup\main-prj-01-starting-setup

[info] 
=== Project Setup
[info] 
[info] First, let's associate this project directory with a Firebase project.
[info] You can create multiple project aliases by running firebase use --add, 
[info] but for now we'll just set up a default project.
[info] 
[debug] [2023-08-20T21:19:46.968Z] >>> [apiv2][query] GET https://firebase.googleapis.com/v1beta1/projects pageSize=100
[debug] [2023-08-20T21:20:08.075Z] *** [apiv2] error from fetch(https://firebase.googleapis.com/v1beta1/projects?pageSize=100, {"headers":{},"method":"GET","signal":{}}): FetchError: request to https://firebase.googleapis.com/v1beta1/projects?pageSize=100 failed, reason: connect ETIMEDOUT 2a00:1450:4006:80b::200a:443
[debug] [2023-08-20T21:20:08.077Z] Failed to make request to https://firebase.googleapis.com/v1beta1/projects?pageSize=100
[debug] [2023-08-20T21:20:08.413Z] FirebaseError: Failed to make request to https://firebase.googleapis.com/v1beta1/projects?pageSize=100
    at RetryOperation._fn (C:\Users\saeed\AppData\Roaming\npm\node_modules\firebase-tools\lib\apiv2.js:239:31)
    at process.processTicksAndRejections (node:internal/process/task_queues:95:5)
[error] 
[error] Error: Failed to list Firebase projects. See firebase-debug.log for more info.
[debug] [2023-08-20T21:20:10.200Z] ----------------------------------------------------------------------
[debug] [2023-08-20T21:20:10.202Z] Command:       C:\Program Files\nodejs\node.exe C:\Users\saeed\AppData\Roaming\npm\node_modules\firebase-tools\lib\bin\firebase.js init
[debug] [2023-08-20T21:20:10.202Z] CLI Version:   12.4.8
[debug] [2023-08-20T21:20:10.202Z] Platform:      win32
[debug] [2023-08-20T21:20:10.202Z] Node Version:  v18.16.0
[debug] [2023-08-20T21:20:10.203Z] Time:          Mon Aug 21 2023 00:20:10 GMT+0300 (Arabian Standard Time)
[debug] [2023-08-20T21:20:10.203Z] ----------------------------------------------------------------------
[debug] 
[debug] [2023-08-20T21:20:10.207Z] > command requires scopes: ["email","openid","https://www.googleapis.com/auth/cloudplatformprojects.readonly","https://www.googleapis.com/auth/firebase","https://www.googleapis.com/auth/cloud-platform"]
[debug] [2023-08-20T21:20:10.208Z] > authorizing via signed-in user (sandeed70@gmail.com)
[info] 
     ######## #### ########  ######## ########     ###     ######  ########
     ##        ##  ##     ## ##       ##     ##  ##   ##  ##       ##
     ######    ##  ########  ######   ########  #########  ######  ######
     ##        ##  ##    ##  ##       ##     ## ##     ##       ## ##
     ##       #### ##     ## ######## ########  ##     ##  ######  ########

You're about to initialize a Firebase project in this directory:

  D:\Downloads\main-prj-01-starting-setup\main-prj-01-starting-setup

[debug] [2023-08-20T21:20:21.872Z] Error: Timed out.
    at Timeout._onTimeout (C:\Users\saeed\AppData\Roaming\npm\node_modules\firebase-tools\lib\utils.js:254:49)
    at listOnTimeout (node:internal/timers:569:17)
    at process.processTimers (node:internal/timers:512:7)
[error] 
[error] Error: An unexpected error has occurred.
[debug] [2023-08-20T21:20:23.664Z] ----------------------------------------------------------------------
[debug] [2023-08-20T21:20:23.665Z] Command:       C:\Program Files\nodejs\node.exe C:\Users\saeed\AppData\Roaming\npm\node_modules\firebase-tools\lib\bin\firebase.js init
[debug] [2023-08-20T21:20:23.665Z] CLI Version:   12.4.8
[debug] [2023-08-20T21:20:23.665Z] Platform:      win32
[debug] [2023-08-20T21:20:23.666Z] Node Version:  v18.16.0
[debug] [2023-08-20T21:20:23.666Z] Time:          Mon Aug 21 2023 00:20:23 GMT+0300 (Arabian Standard Time)
[debug] [2023-08-20T21:20:23.666Z] ----------------------------------------------------------------------
[debug] 
[debug] [2023-08-20T21:20:23.670Z] > command requires scopes: ["email","openid","https://www.googleapis.com/auth/cloudplatformprojects.readonly","https://www.googleapis.com/auth/firebase","https://www.googleapis.com/auth/cloud-platform"]
[debug] [2023-08-20T21:20:23.671Z] > authorizing via signed-in user (sandeed70@gmail.com)
[info] 
     ######## #### ########  ######## ########     ###     ######  ########
     ##        ##  ##     ## ##       ##     ##  ##   ##  ##       ##
     ######    ##  ########  ######   ########  #########  ######  ######
     ##        ##  ##    ##  ##       ##     ## ##     ##       ## ##
     ##       #### ##     ## ######## ########  ##     ##  ######  ########

You're about to initialize a Firebase project in this directory:

  D:\Downloads\main-prj-01-starting-setup\main-prj-01-starting-setup

[info] 
=== Project Setup
[info] 
[info] First, let's associate this project directory with a Firebase project.
[info] You can create multiple project aliases by running firebase use --add, 
[info] but for now we'll just set up a default project.
[info] 
[debug] [2023-08-20T21:20:32.826Z] >>> [apiv2][query] GET https://firebase.googleapis.com/v1beta1/projects pageSize=100
[debug] [2023-08-20T21:20:33.497Z] <<< [apiv2][status] GET https://firebase.googleapis.com/v1beta1/projects 200
[debug] [2023-08-20T21:20:33.497Z] <<< [apiv2][body] GET https://firebase.googleapis.com/v1beta1/projects [omitted]
[info] i  Using project vue-http-demo-7a2bd (vue-http-demo) 
[info] 
=== Hosting Setup
[info] 
[info] Your public directory is the folder (relative to your project directory) that
[info] will contain Hosting assets to be uploaded with firebase deploy. If you
[info] have a build process for your assets, use your build's output directory.
[info] 
[debug] [2023-08-20T21:21:35.596Z] >>> [apiv2][query] GET https://www.gstatic.com/firebasejs/releases.json [none]
[debug] [2023-08-20T21:21:35.981Z] <<< [apiv2][status] GET https://www.gstatic.com/firebasejs/releases.json 200
[debug] [2023-08-20T21:21:35.981Z] <<< [apiv2][body] GET https://www.gstatic.com/firebasejs/releases.json {"current":{"version":"10.2.0","browserURL":"https://www.gstatic.com/firebasejs/10.2.0/firebase.js","packageURL":"https://www.gstatic.com/firebasejs/10.2.0/firebase.tgz"},"live":{"version":"10.2","browserURL":"https://www.gstatic.com/firebasejs/live/10.2/firebase.js","packageURL":"https://www.gstatic.com/firebasejs/live/10.2/firebase.tgz"},"components":{"analytics":"https://www.gstatic.com/firebasejs/10.2.0/firebase-analytics.js","app":"https://www.gstatic.com/firebasejs/10.2.0/firebase-app.js","app-check":"https://www.gstatic.com/firebasejs/10.2.0/firebase-app-check.js","auth":"https://www.gstatic.com/firebasejs/10.2.0/firebase-auth.js","auth/cordova":"https://www.gstatic.com/firebasejs/10.2.0/firebase-auth/cordova.js","functions":"https://www.gstatic.com/firebasejs/10.2.0/firebase-functions.js","firestore":"https://www.gstatic.com/firebasejs/10.2.0/firebase-firestore.js","firestore/lite":"https://www.gstatic.com/firebasejs/10.2.0/firebase-firestore/lite.js","installations":"https://www.gstatic.com/firebasejs/10.2.0/firebase-installations.js","storage":"https://www.gstatic.com/firebasejs/10.2.0/firebase-storage.js","performance":"https://www.gstatic.com/firebasejs/10.2.0/firebase-performance.js","remote-config":"https://www.gstatic.com/firebasejs/10.2.0/firebase-remote-config.js","messaging":"https://www.gstatic.com/firebasejs/10.2.0/firebase-messaging.js","messaging/sw":"https://www.gstatic.com/firebasejs/10.2.0/firebase-messaging/sw.js","database":"https://www.gstatic.com/firebasejs/10.2.0/firebase-database.js","firestore.memory":"https://www.gstatic.com/firebasejs/10.2.0/firebase-firestore.memory.js"}}
[info] i  Skipping write of dist/index.html 
[info] 
[info] i  Didn't detect a .git folder. Assuming D:\Downloads\main-prj-01-starting-setup\main-prj-01-starting-setup is the project root. 
[info] i  Authorizing with GitHub to upload your service account to a GitHub repository's secrets store. 
[info] 
[info] Visit this URL on this device to log in:
[info] https://github.com/login/oauth/authorize?client_id=89cf50f02ac6aaed3484&state=848504211&redirect_uri=http%3A%2F%2Flocalhost%3A9005&scope=read%3Auser%20repo%20public_repo
[info] 
[info] Waiting for authentication...
[debug] [2023-08-20T21:22:04.661Z] >>> [apiv2][query] POST https://github.com/login/oauth/access_token [none]
[debug] [2023-08-20T21:22:04.662Z] >>> [apiv2][body] POST https://github.com/login/oauth/access_token [stream]
[debug] [2023-08-20T21:22:05.072Z] <<< [apiv2][status] POST https://github.com/login/oauth/access_token 200
[debug] [2023-08-20T21:22:05.073Z] <<< [apiv2][body] POST https://github.com/login/oauth/access_token {"access_token":"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","token_type":"bearer","scope":"read:user,repo"}
[debug] [2023-08-20T21:22:05.115Z] >>> [apiv2][query] GET https://api.github.com/user [none]
[debug] [2023-08-20T21:22:05.710Z] <<< [apiv2][status] GET https://api.github.com/user 200
[debug] [2023-08-20T21:22:05.712Z] <<< [apiv2][body] GET https://api.github.com/user {"login":"SaeedAdam","id":68031078,"node_id":"MDQ6VXNlcjY4MDMxMDc4","avatar_url":"https://avatars.githubusercontent.com/u/68031078?v=4","gravatar_id":"","url":"https://api.github.com/users/SaeedAdam","html_url":"https://github.com/SaeedAdam","followers_url":"https://api.github.com/users/SaeedAdam/followers","following_url":"https://api.github.com/users/SaeedAdam/following{/other_user}","gists_url":"https://api.github.com/users/SaeedAdam/gists{/gist_id}","starred_url":"https://api.github.com/users/SaeedAdam/starred{/owner}{/repo}","subscriptions_url":"https://api.github.com/users/SaeedAdam/subscriptions","organizations_url":"https://api.github.com/users/SaeedAdam/orgs","repos_url":"https://api.github.com/users/SaeedAdam/repos","events_url":"https://api.github.com/users/SaeedAdam/events{/privacy}","received_events_url":"https://api.github.com/users/SaeedAdam/received_events","type":"User","site_admin":false,"name":"Saeed Adam","company":"University of the People","blog":"saeedadam.com","location":"Riyadh","email":null,"hireable":null,"bio":"Software Developer. Lifelong learner.","twitter_username":"SaeedAdam1","public_repos":22,"public_gists":0,"followers":7,"following":26,"created_at":"2020-07-08T19:58:10Z","updated_at":"2023-08-20T21:21:55Z","private_gists":0,"total_private_repos":22,"owned_private_repos":22,"disk_usage":68179,"collaborators":0,"two_factor_authentication":false,"plan":{"name":"pro","space":976562499,"collaborators":0,"private_repos":9999}}
[info] 
[info] +  Success! Logged into GitHub as SaeedAdam 
[info] 
